0 info it worked if it ends with ok
1 verbose cli [ '/usr/local/bin/node', '/usr/local/bin/npm', 'publish' ]
2 info using npm@3.3.6
3 info using node@v5.0.0
4 verbose publish [ '.' ]
5 silly cache add args [ '.', null ]
6 verbose cache add spec .
7 silly cache add parsed spec Result {
7 silly cache add   raw: '.',
7 silly cache add   scope: null,
7 silly cache add   name: null,
7 silly cache add   rawSpec: '.',
7 silly cache add   spec: '/Users/YiWeiAng/Dropbox/Public/mouse',
7 silly cache add   type: 'directory' }
8 verbose addLocalDirectory /Users/YiWeiAng/.npm/robotmouse/1.0.0/package.tgz not in flight; packing
9 info lifecycle robotmouse@1.0.0~prepublish: robotmouse@1.0.0
10 silly lifecycle robotmouse@1.0.0~prepublish: no script for prepublish, continuing
11 verbose tar pack [ '/Users/YiWeiAng/.npm/robotmouse/1.0.0/package.tgz',
11 verbose tar pack   '/Users/YiWeiAng/Dropbox/Public/mouse' ]
12 verbose tarball /Users/YiWeiAng/.npm/robotmouse/1.0.0/package.tgz
13 verbose folder /Users/YiWeiAng/Dropbox/Public/mouse
14 verbose addLocalTarball adding from inside cache /Users/YiWeiAng/.npm/robotmouse/1.0.0/package.tgz
15 silly cache afterAdd robotmouse@1.0.0
16 verbose afterAdd /Users/YiWeiAng/.npm/robotmouse/1.0.0/package/package.json not in flight; writing
17 verbose afterAdd /Users/YiWeiAng/.npm/robotmouse/1.0.0/package/package.json written
18 silly publish { name: 'robotmouse',
18 silly publish   version: '1.0.0',
18 silly publish   description: 'Remote control mouse',
18 silly publish   main: 'app.js',
18 silly publish   dependencies: { robotjs: '^0.3.2' },
18 silly publish   devDependencies: {},
18 silly publish   scripts: { test: 'echo "Error: no test specified" && exit 1' },
18 silly publish   author: '',
18 silly publish   license: 'ISC',
18 silly publish   repository:
18 silly publish    { type: 'git',
18 silly publish      url: 'git+https://github.com/yiweiang/robotmouse.git' },
18 silly publish   bugs: { url: 'https://github.com/yiweiang/robotmouse/issues' },
18 silly publish   homepage: 'https://github.com/yiweiang/robotmouse#readme',
18 silly publish   gitHead: 'cb0b59aa86cb6daec2fcde0b5c5785a23848d05b',
18 silly publish   readme: 'ERROR: No README data found!',
18 silly publish   _id: 'robotmouse@1.0.0',
18 silly publish   _shasum: 'bf3162811210c7a5b8544fcd8b916c3d1c5024e2',
18 silly publish   _from: '.' }
19 verbose getPublishConfig undefined
20 silly mapToRegistry name robotmouse
21 silly mapToRegistry using default registry
22 silly mapToRegistry registry https://registry.npmjs.org/
23 silly mapToRegistry uri https://registry.npmjs.org/robotmouse
24 verbose publish registryBase https://registry.npmjs.org/
25 silly publish uploading /Users/YiWeiAng/.npm/robotmouse/1.0.0/package.tgz
26 verbose request uri https://registry.npmjs.org/robotmouse
27 verbose request sending authorization for write operation
28 info attempt registry request try #1 at 6:43:52 PM
29 verbose request using bearer token for auth
30 verbose request id ac9ecd4acf82d235
31 http request PUT https://registry.npmjs.org/robotmouse
32 http 403 https://registry.npmjs.org/robotmouse
33 verbose headers { 'content-type': 'application/json',
33 verbose headers   'cache-control': 'max-age=60',
33 verbose headers   'content-length': '95',
33 verbose headers   'accept-ranges': 'bytes',
33 verbose headers   date: 'Sun, 01 Nov 2015 01:43:52 GMT',
33 verbose headers   via: '1.1 varnish',
33 verbose headers   connection: 'keep-alive',
33 verbose headers   'x-served-by': 'cache-sjc3123-SJC',
33 verbose headers   'x-cache': 'MISS',
33 verbose headers   'x-cache-hits': '0',
33 verbose headers   'x-timer': 'S1446342232.737071,VS0,VE142' }
34 verbose request invalidating /Users/YiWeiAng/.npm/registry.npmjs.org/robotmouse on PUT
35 error publish Failed PUT 403
36 verbose stack Error: "You cannot publish over the previously published version 1.0.0." : robotmouse
36 verbose stack     at makeError (/usr/local/lib/node_modules/npm/node_modules/npm-registry-client/lib/request.js:264:12)
36 verbose stack     at CachingRegistryClient.<anonymous> (/usr/local/lib/node_modules/npm/node_modules/npm-registry-client/lib/request.js:252:14)
36 verbose stack     at Request._callback (/usr/local/lib/node_modules/npm/node_modules/npm-registry-client/lib/request.js:172:14)
36 verbose stack     at Request.self.callback (/usr/local/lib/node_modules/npm/node_modules/request/request.js:198:22)
36 verbose stack     at emitTwo (events.js:87:13)
36 verbose stack     at Request.emit (events.js:172:7)
36 verbose stack     at Request.<anonymous> (/usr/local/lib/node_modules/npm/node_modules/request/request.js:1063:14)
36 verbose stack     at emitOne (events.js:82:20)
36 verbose stack     at Request.emit (events.js:169:7)
36 verbose stack     at IncomingMessage.<anonymous> (/usr/local/lib/node_modules/npm/node_modules/request/request.js:1009:12)
37 verbose statusCode 403
38 verbose pkgid robotmouse
39 verbose cwd /Users/YiWeiAng/Dropbox/Public/mouse
40 error Darwin 14.5.0
41 error argv "/usr/local/bin/node" "/usr/local/bin/npm" "publish"
42 error node v5.0.0
43 error npm  v3.3.6
44 error code E403
45 error "You cannot publish over the previously published version 1.0.0." : robotmouse
46 error If you need help, you may report this error at:
46 error     <https://github.com/npm/npm/issues>
47 verbose exit [ 1, true ]
